<?xml version="1.0" encoding="UTF-8"?>
<testng-results ignored="0" total="3" passed="2" failed="1" skipped="0">
  <reporter-output>
  </reporter-output>
  <suite started-at="2023-05-10T08:15:33 PDT" name="Default suite" finished-at="2023-05-10T08:16:00 PDT" duration-ms="27145">
    <groups>
    </groups>
    <test started-at="2023-05-10T08:15:33 PDT" name="Default test" finished-at="2023-05-10T08:16:00 PDT" duration-ms="27145">
      <class name="TestCases.TestHomePage">
        <test-method is-config="true" signature="setUp()[pri:0, instance:TestCases.TestHomePage@71a8adcf]" started-at="2023-05-10T08:15:33 PDT" name="setUp" finished-at="2023-05-10T08:15:41 PDT" duration-ms="8254" status="PASS">
          <reporter-output>
          </reporter-output>
        </test-method> <!-- setUp -->
        <test-method signature="HomePageTitleTest()[pri:1, instance:TestCases.TestHomePage@71a8adcf]" started-at="2023-05-10T08:15:41 PDT" name="HomePageTitleTest" finished-at="2023-05-10T08:15:41 PDT" duration-ms="31" status="PASS">
          <reporter-output>
          </reporter-output>
        </test-method> <!-- HomePageTitleTest -->
        <test-method is-config="true" signature="tearDown()[pri:0, instance:TestCases.TestHomePage@71a8adcf]" started-at="2023-05-10T08:15:41 PDT" name="tearDown" finished-at="2023-05-10T08:15:42 PDT" duration-ms="623" status="PASS">
          <reporter-output>
          </reporter-output>
        </test-method> <!-- tearDown -->
        <test-method is-config="true" signature="setUp()[pri:0, instance:TestCases.TestHomePage@71a8adcf]" started-at="2023-05-10T08:15:42 PDT" name="setUp" finished-at="2023-05-10T08:15:49 PDT" duration-ms="6862" status="PASS">
          <reporter-output>
          </reporter-output>
        </test-method> <!-- setUp -->
        <test-method signature="MyntraLogoTest()[pri:2, instance:TestCases.TestHomePage@71a8adcf]" started-at="2023-05-10T08:15:49 PDT" name="MyntraLogoTest" finished-at="2023-05-10T08:15:49 PDT" duration-ms="108" status="PASS">
          <reporter-output>
          </reporter-output>
        </test-method> <!-- MyntraLogoTest -->
        <test-method is-config="true" signature="tearDown()[pri:0, instance:TestCases.TestHomePage@71a8adcf]" started-at="2023-05-10T08:15:49 PDT" name="tearDown" finished-at="2023-05-10T08:15:50 PDT" duration-ms="494" status="PASS">
          <reporter-output>
          </reporter-output>
        </test-method> <!-- tearDown -->
        <test-method is-config="true" signature="setUp()[pri:0, instance:TestCases.TestHomePage@71a8adcf]" started-at="2023-05-10T08:15:50 PDT" name="setUp" finished-at="2023-05-10T08:15:58 PDT" duration-ms="8867" status="PASS">
          <reporter-output>
          </reporter-output>
        </test-method> <!-- setUp -->
        <test-method signature="SearchTest()[pri:3, instance:TestCases.TestHomePage@71a8adcf]" started-at="2023-05-10T08:15:58 PDT" name="SearchTest" finished-at="2023-05-10T08:15:59 PDT" duration-ms="1114" status="FAIL">
          <exception class="java.lang.Error">
            <message>
              <![CDATA[Unresolved compilation problems: 
Syntax error, insert "Identifier (" to complete MethodHeaderName
Syntax error, insert ")" to complete MethodDeclaration
Syntax error, insert ";" to complete MethodDeclaration
]]>
            </message>
            <full-stacktrace>
              <![CDATA[java.lang.Error: Unresolved compilation problems: 
Syntax error, insert "Identifier (" to complete MethodHeaderName
Syntax error, insert ")" to complete MethodDeclaration
Syntax error, insert ";" to complete MethodDeclaration

at Pages.ProductListPage.<init>(ProductListPage.java:28)
at Pages.HomePage.search(HomePage.java:53)
at TestCases.TestHomePage.SearchTest(TestHomePage.java:40)
at java.base/jdk.internal.reflect.NativeMethodAccessorImpl.invoke0(Native Method)
at java.base/jdk.internal.reflect.NativeMethodAccessorImpl.invoke(NativeMethodAccessorImpl.java:77)
at java.base/jdk.internal.reflect.DelegatingMethodAccessorImpl.invoke(DelegatingMethodAccessorImpl.java:43)
at java.base/java.lang.reflect.Method.invoke(Method.java:568)
at org.testng.internal.invokers.MethodInvocationHelper.invokeMethod(MethodInvocationHelper.java:139)
at org.testng.internal.invokers.TestInvoker.invokeMethod(TestInvoker.java:677)
at org.testng.internal.invokers.TestInvoker.invokeTestMethod(TestInvoker.java:221)
at org.testng.internal.invokers.MethodRunner.runInSequence(MethodRunner.java:50)
at org.testng.internal.invokers.TestInvoker$MethodInvocationAgent.invoke(TestInvoker.java:969)
at org.testng.internal.invokers.TestInvoker.invokeTestMethods(TestInvoker.java:194)
at org.testng.internal.invokers.TestMethodWorker.invokeTestMethods(TestMethodWorker.java:148)
at org.testng.internal.invokers.TestMethodWorker.run(TestMethodWorker.java:128)
at java.base/java.util.ArrayList.forEach(ArrayList.java:1511)
at org.testng.TestRunner.privateRun(TestRunner.java:829)
at org.testng.TestRunner.run(TestRunner.java:602)
at org.testng.SuiteRunner.runTest(SuiteRunner.java:437)
at org.testng.SuiteRunner.runSequentially(SuiteRunner.java:431)
at org.testng.SuiteRunner.privateRun(SuiteRunner.java:391)
at org.testng.SuiteRunner.run(SuiteRunner.java:330)
at org.testng.SuiteRunnerWorker.runSuite(SuiteRunnerWorker.java:52)
at org.testng.SuiteRunnerWorker.run(SuiteRunnerWorker.java:95)
at org.testng.TestNG.runSuitesSequentially(TestNG.java:1256)
at org.testng.TestNG.runSuitesLocally(TestNG.java:1176)
at org.testng.TestNG.runSuites(TestNG.java:1099)
at org.testng.TestNG.run(TestNG.java:1067)
at org.testng.remote.AbstractRemoteTestNG.run(AbstractRemoteTestNG.java:115)
at org.testng.remote.RemoteTestNG.initAndRun(RemoteTestNG.java:251)
at org.testng.remote.RemoteTestNG.main(RemoteTestNG.java:77)
]]>
            </full-stacktrace>
          </exception> <!-- java.lang.Error -->
          <reporter-output>
          </reporter-output>
        </test-method> <!-- SearchTest -->
        <test-method is-config="true" signature="tearDown()[pri:0, instance:TestCases.TestHomePage@71a8adcf]" started-at="2023-05-10T08:16:00 PDT" name="tearDown" finished-at="2023-05-10T08:16:00 PDT" duration-ms="653" status="PASS">
          <reporter-output>
          </reporter-output>
        </test-method> <!-- tearDown -->
      </class> <!-- TestCases.TestHomePage -->
    </test> <!-- Default test -->
  </suite> <!-- Default suite -->
</testng-results>
